<?xml version="1.0" encoding="UTF-8"?>
<!-- Generated by org.testng.reporters.JUnitXMLReporter -->
<testsuite hostname="DESKTOP-9MKKMSB" ignored="3" name="Default test" tests="3" failures="0" timestamp="2021-07-08T14:33:43 IST" time="0.237" errors="0">
  <testcase name="@BeforeSuite urlEntering" time="0.001" classname="com.genrics.MavenActitime.BaseTest">
    <failure type="java.lang.NullPointerException">
      <![CDATA[java.lang.NullPointerException
at com.genrics.MavenActitime.BaseTest.urlEntering(BaseTest.java:36)
at sun.reflect.NativeMethodAccessorImpl.invoke0(Native Method)
at sun.reflect.NativeMethodAccessorImpl.invoke(Unknown Source)
at sun.reflect.DelegatingMethodAccessorImpl.invoke(Unknown Source)
at java.lang.reflect.Method.invoke(Unknown Source)
at org.testng.internal.MethodInvocationHelper.invokeMethod(MethodInvocationHelper.java:133)
at org.testng.internal.MethodInvocationHelper.invokeMethodConsideringTimeout(MethodInvocationHelper.java:62)
at org.testng.internal.ConfigInvoker.invokeConfigurationMethod(ConfigInvoker.java:385)
at org.testng.internal.ConfigInvoker.invokeConfigurations(ConfigInvoker.java:321)
at org.testng.SuiteRunner.privateRun(SuiteRunner.java:317)
at org.testng.SuiteRunner.run(SuiteRunner.java:276)
at org.testng.SuiteRunnerWorker.runSuite(SuiteRunnerWorker.java:53)
at org.testng.SuiteRunnerWorker.run(SuiteRunnerWorker.java:96)
at org.testng.TestNG.runSuitesSequentially(TestNG.java:1212)
at org.testng.TestNG.runSuitesLocally(TestNG.java:1134)
at org.testng.TestNG.runSuites(TestNG.java:1063)
at org.testng.TestNG.run(TestNG.java:1031)
at org.testng.remote.AbstractRemoteTestNG.run(AbstractRemoteTestNG.java:115)
at org.testng.remote.RemoteTestNG.initAndRun(RemoteTestNG.java:251)
at org.testng.remote.RemoteTestNG.main(RemoteTestNG.java:77)
]]>
    </failure>
  </testcase> <!-- @BeforeSuite urlEntering -->
  <testcase name="@BeforeTest urlChoseMethod" time="-1.625735023556E9" classname="com.scripts.MavenActitime.TestActitimeLogin">
    <skipped/>
  </testcase> <!-- @BeforeTest urlChoseMethod -->
  <testcase name="@AfterMethod quitBrowser" time="-1.625735023677E9" classname="com.genrics.MavenActitime.BaseTest">
    <skipped/>
  </testcase> <!-- @AfterMethod quitBrowser -->
  <testcase name="@AfterMethod quitBrowser" time="-1.625735023757E9" classname="com.genrics.MavenActitime.BaseTest">
    <skipped/>
  </testcase> <!-- @AfterMethod quitBrowser -->
  <testcase name="loginToActitimeMethod" time="0.0" classname="com.scripts.MavenActitime.TestActitimeLogin">
    <skipped/>
  </testcase> <!-- loginToActitimeMethod -->
  <testcase name="loginToActitimeMethod" time="0.0" classname="com.scripts.MavenActitime.TestActitimeLogin">
    <skipped/>
  </testcase> <!-- loginToActitimeMethod -->
  <testcase name="createCustomerLogin" time="0.0" classname="com.scripts.MavenActitime.TestCreateCustomerActiTime">
    <skipped/>
  </testcase> <!-- createCustomerLogin -->
  <testcase name="@BeforeSuite openBrowser" time="0.0" classname="com.genrics.MavenActitime.BaseTest">
    <ignored/>
  </testcase> <!-- @BeforeSuite openBrowser -->
  <testcase name="@BeforeSuite urlEntering" time="0.0" classname="com.genrics.MavenActitime.BaseTest">
    <ignored/>
  </testcase> <!-- @BeforeSuite urlEntering -->
  <testcase name="@BeforeTest urlChoseMethod" time="0.0" classname="com.scripts.MavenActitime.TestCreateCustomerActiTime">
    <ignored/>
  </testcase> <!-- @BeforeTest urlChoseMethod -->
</testsuite> <!-- Default test -->
